<?xml version="1.0" encoding="UTF-8"?>
<testng-results skipped="0" failed="0" total="1" passed="1">
  <reporter-output>
  </reporter-output>
  <suite name="Default suite" duration-ms="3127" started-at="2016-08-17T02:43:16Z" finished-at="2016-08-17T02:43:19Z">
    <groups>
    </groups>
    <test name="Default test" duration-ms="3127" started-at="2016-08-17T02:43:16Z" finished-at="2016-08-17T02:43:19Z">
      <class name="com.Kiran.software.model.HibernateTest">
        <test-method status="PASS" signature="CreateCustomer()[pri:0, instance:com.Kiran.software.model.HibernateTest@58651fd0]" name="CreateCustomer" duration-ms="3100" started-at="2016-08-16T22:43:16Z" finished-at="2016-08-16T22:43:19Z">
          <reporter-output>
          </reporter-output>
        </test-method> <!-- CreateCustomer -->
      </class> <!-- com.Kiran.software.model.HibernateTest -->
    </test> <!-- Default test -->
  </suite> <!-- Default suite -->
</testng-results>
